<?xml version="1.0" encoding="UTF-8"?>
<testng-results ignored="0" total="3" passed="3" failed="0" skipped="0">
  <reporter-output>
  </reporter-output>
  <suite started-at="2026-04-26T15:26:55 IST" name="Suite" finished-at="2026-04-26T15:28:00 IST" duration-ms="65661">
    <groups>
    </groups>
    <test started-at="2026-04-26T15:26:55 IST" name="Test" finished-at="2026-04-26T15:27:15 IST" duration-ms="20618">
      <class name="seleniumGrid.ParallelTest">
        <test-method signature="crossBrowserTest(java.lang.String)[pri:0, instance:seleniumGrid.ParallelTest@1aafa419]" started-at="2026-04-26T15:26:55 IST" name="crossBrowserTest" finished-at="2026-04-26T15:27:15 IST" duration-ms="20531" status="PASS">
          <params>
            <param index="0">
              <value>
                <![CDATA[Chrome]]>
              </value>
            </param>
          </params>
          <reporter-output>
          </reporter-output>
        </test-method> <!-- crossBrowserTest -->
      </class> <!-- seleniumGrid.ParallelTest -->
    </test> <!-- Test -->
    <test started-at="2026-04-26T15:27:16 IST" name="FirefoxTest" finished-at="2026-04-26T15:27:38 IST" duration-ms="22725">
      <class name="seleniumGrid.ParallelTest">
        <test-method signature="crossBrowserTest(java.lang.String)[pri:0, instance:seleniumGrid.ParallelTest@489115ef]" started-at="2026-04-26T15:27:16 IST" name="crossBrowserTest" finished-at="2026-04-26T15:27:38 IST" duration-ms="22713" status="PASS">
          <params>
            <param index="0">
              <value>
                <![CDATA[Firefox]]>
              </value>
            </param>
          </params>
          <reporter-output>
          </reporter-output>
        </test-method> <!-- crossBrowserTest -->
      </class> <!-- seleniumGrid.ParallelTest -->
    </test> <!-- FirefoxTest -->
    <test started-at="2026-04-26T15:27:38 IST" name="EDgeTest" finished-at="2026-04-26T15:28:00 IST" duration-ms="22106">
      <class name="seleniumGrid.ParallelTest">
        <test-method signature="crossBrowserTest(java.lang.String)[pri:0, instance:seleniumGrid.ParallelTest@198b6731]" started-at="2026-04-26T15:27:38 IST" name="crossBrowserTest" finished-at="2026-04-26T15:28:00 IST" duration-ms="22091" status="PASS">
          <params>
            <param index="0">
              <value>
                <![CDATA[Edge]]>
              </value>
            </param>
          </params>
          <reporter-output>
          </reporter-output>
        </test-method> <!-- crossBrowserTest -->
      </class> <!-- seleniumGrid.ParallelTest -->
    </test> <!-- EDgeTest -->
  </suite> <!-- Suite -->
</testng-results>
