<?xml version="1.0" encoding="UTF-8"?>
<!-- Generated by org.testng.reporters.JUnitReportReporter -->
<testsuite hostname="DESKTOP-8RTQIFQ" failures="0" tests="3" name="seleniumGrid.ParallelTest" time="65.335" errors="0" timestamp="2026-04-26T15:28:01 IST" skipped="0">
  <testcase classname="seleniumGrid.ParallelTest" name="crossBrowserTest" time="20.531"/>
  <testcase classname="seleniumGrid.ParallelTest" name="crossBrowserTest" time="22.713"/>
  <testcase classname="seleniumGrid.ParallelTest" name="crossBrowserTest" time="22.091"/>
</testsuite> <!-- seleniumGrid.ParallelTest -->
